<?xml version="1.0" encoding="UTF-8"?>
<testsuites name="Mocha Tests" time="0.006" tests="1" failures="1">
  <testsuite name="Root Suite" timestamp="2022-12-11T15:33:00" tests="0" time="0.000" failures="0">
  </testsuite>
  <testsuite name="GET /getFeeds" timestamp="2022-12-11T15:33:00" tests="1" file="/Users/pedromagalhaesgmail.com/Projects/Labs/interview-test-nodejs/src/test/getFeedsTest.js" time="0.004" failures="1">
    <testcase name="GET /getFeeds should return 10 posts by default" time="0.003" classname="should return 10 posts by default">
      <failure message="options.uri is a required argument" type="Error"><![CDATA[Error: options.uri is a required argument
    at Request.init (node_modules/request/request.js:231:31)
    at new Request (node_modules/request/request.js:127:8)
    at request (node_modules/request/index.js:53:10)
    at Context.<anonymous> (test/getFeedsTest.js:7:9)
    at processImmediate (internal/timers.js:462:21)]]></failure>
    </testcase>
  </testsuite>
</testsuites>